TN:
SF:./src/ajax.js
FN:1,(anonymous_1)
FN:13,(anonymous_2)
FN:16,Ajax
FN:21,(anonymous_4)
FN:22,(anonymous_5)
FN:23,(anonymous_6)
FN:26,get
FN:30,post
FN:34,put
FN:38,del
FN:42,XHRConnection
FN:52,ready
FN:67,parseResponse
FN:74,promises
FN:76,(anonymous_15)
FN:82,generatePromise
FN:83,(anonymous_17)
FN:88,objectToQueryString
FN:94,getQueryString
FN:95,(anonymous_20)
FN:101,isObject
FNF:21
FNH:21
FNDA:1,(anonymous_1)
FNDA:1,(anonymous_2)
FNDA:11,Ajax
FNDA:4,(anonymous_4)
FNDA:1,(anonymous_5)
FNDA:10,(anonymous_6)
FNDA:6,get
FNDA:4,post
FNDA:1,put
FNDA:1,del
FNDA:12,XHRConnection
FNDA:36,ready
FNDA:24,parseResponse
FNDA:12,promises
FNDA:36,(anonymous_15)
FNDA:36,generatePromise
FNDA:9,(anonymous_17)
FNDA:12,objectToQueryString
FNDA:2,getQueryString
FNDA:2,(anonymous_20)
FNDA:12,isObject
DA:1,1
DA:4,1
DA:5,1
DA:7,1
DA:8,1
DA:11,1
DA:16,1
DA:17,11
DA:18,11
DA:20,11
DA:26,11
DA:27,6
DA:30,11
DA:31,4
DA:34,11
DA:35,1
DA:38,11
DA:39,1
DA:42,11
DA:43,12
DA:44,12
DA:45,12
DA:46,12
DA:47,12
DA:48,12
DA:49,12
DA:52,11
DA:53,36
DA:54,36
DA:55,12
DA:56,12
DA:58,12
DA:59,9
DA:62,3
DA:67,11
DA:68,24
DA:69,24
DA:70,12
DA:71,24
DA:74,11
DA:75,12
DA:76,12
DA:77,36
DA:79,12
DA:82,11
DA:83,36
DA:84,9
DA:88,11
DA:89,12
DA:94,11
DA:95,2
DA:96,2
DA:101,11
DA:102,12
DA:105,11
DA:108,1
LF:56
LH:56
BRDA:4,1,0,0
BRDA:4,1,1,1
BRDA:4,2,0,1
BRDA:4,2,1,0
BRDA:7,3,0,0
BRDA:7,3,1,1
BRDA:45,4,0,12
BRDA:45,4,1,4
BRDA:54,5,0,12
BRDA:54,5,1,24
BRDA:58,6,0,9
BRDA:58,6,1,3
BRDA:58,7,0,12
BRDA:58,7,1,12
BRDA:89,8,0,2
BRDA:89,8,1,10
BRF:16
BRH:16
end_of_record
