TN:
SF:/media/storage/code/00-opensource/ajax/src/ajax.js
FN:1,(anonymous_1)
FN:11,(anonymous_2)
FN:14,ajax
FN:26,(anonymous_4)
FN:27,(anonymous_5)
FN:39,maybeData
FN:43,xhrConnection
FN:45,(anonymous_8)
FN:46,(anonymous_9)
FN:59,(anonymous_10)
FN:65,getUrlWithData
FN:74,setHeaders
FN:81,(anonymous_13)
FN:86,hasContentType
FN:87,(anonymous_15)
FN:92,ready
FN:93,handleReady
FN:107,parseResponse
FN:117,objectToQueryString
FN:121,isObject
FN:125,getQueryString
FN:126,(anonymous_22)
FN:137,encode
FNF:23
FNH:23
FNDA:1,(anonymous_1)
FNDA:1,(anonymous_2)
FNDA:18,ajax
FNDA:68,(anonymous_4)
FNDA:19,(anonymous_5)
FNDA:20,maybeData
FNDA:20,xhrConnection
FNDA:60,(anonymous_8)
FNDA:41,(anonymous_9)
FNDA:1,(anonymous_10)
FNDA:20,getUrlWithData
FNDA:20,setHeaders
FNDA:20,(anonymous_13)
FNDA:20,hasContentType
FNDA:2,(anonymous_15)
FNDA:20,ready
FNDA:60,handleReady
FNDA:40,parseResponse
FNDA:2,objectToQueryString
FNDA:40,isObject
FNDA:2,getQueryString
FNDA:2,(anonymous_22)
FNDA:4,encode
DA:1,1
DA:4,1
DA:5,1
DA:6,1
DA:7,1
DA:9,1
DA:14,1
DA:15,18
DA:16,18
DA:17,18
DA:18,18
DA:19,1
DA:26,17
DA:27,68
DA:28,19
DA:35,68
DA:39,1
DA:40,20
DA:43,1
DA:44,20
DA:45,20
DA:46,60
DA:47,41
DA:48,41
DA:50,60
DA:52,20
DA:53,20
DA:54,20
DA:55,20
DA:56,20
DA:57,20
DA:58,20
DA:59,20
DA:60,1
DA:62,20
DA:65,1
DA:66,20
DA:67,18
DA:69,2
DA:70,2
DA:71,2
DA:74,1
DA:75,20
DA:76,20
DA:77,18
DA:81,20
DA:82,20
DA:86,1
DA:87,20
DA:88,2
DA:92,1
DA:93,20
DA:94,60
DA:95,20
DA:96,20
DA:98,20
DA:99,12
DA:101,8
DA:107,1
DA:108,40
DA:109,40
DA:110,40
DA:112,14
DA:114,40
DA:117,1
DA:118,2
DA:121,1
DA:122,40
DA:125,1
DA:126,2
DA:127,2
DA:128,2
DA:129,2
DA:130,2
DA:137,1
DA:138,4
DA:141,1
LF:77
LH:77
BRDA:4,1,0,0
BRDA:4,1,1,1
BRDA:4,2,0,1
BRDA:4,2,1,0
BRDA:6,3,0,0
BRDA:6,3,1,1
BRDA:16,4,0,18
BRDA:16,4,1,12
BRDA:17,5,0,18
BRDA:17,5,1,15
BRDA:18,6,0,1
BRDA:18,6,1,17
BRDA:18,7,0,18
BRDA:18,7,1,1
BRDA:40,8,0,20
BRDA:40,8,1,13
BRDA:58,9,0,6
BRDA:58,9,1,14
BRDA:66,10,0,18
BRDA:66,10,1,2
BRDA:66,11,0,20
BRDA:66,11,1,11
BRDA:70,12,0,1
BRDA:70,12,1,1
BRDA:75,13,0,20
BRDA:75,13,1,18
BRDA:76,14,0,18
BRDA:76,14,1,2
BRDA:77,15,0,6
BRDA:77,15,1,12
BRDA:82,16,0,20
BRDA:82,16,1,19
BRDA:94,17,0,20
BRDA:94,17,1,40
BRDA:98,18,0,12
BRDA:98,18,1,8
BRDA:98,19,0,20
BRDA:98,19,1,20
BRDA:118,20,0,2
BRDA:118,20,1,0
BRDA:127,21,0,2
BRDA:127,21,1,0
BRDA:127,22,0,2
BRDA:127,22,1,2
BRDA:129,23,0,0
BRDA:129,23,1,2
BRDA:130,24,0,0
BRDA:130,24,1,2
BRDA:130,25,0,2
BRDA:130,25,1,2
BRF:50
BRH:46
end_of_record
